2020-09-09 11:59:39,899 INFO  [Log] Application Opened 
2020-09-09 11:59:40,914 INFO  [Log] Login completed 
2020-09-09 12:02:44,462 INFO  [Log] Application Opened 
2020-09-09 12:02:49,266 INFO  [Log] Login completed 
2020-09-09 12:02:52,353 INFO  [Log] Logout Opened 
2020-09-09 12:02:52,468 INFO  [Log] Application Closed 
2020-09-10 11:00:25,297 INFO  [Log] Application Opened 
2020-09-10 11:00:27,889 INFO  [Log] Login completed 
2020-09-10 11:00:30,963 INFO  [Log] Logout Opened 
2020-09-10 11:00:31,140 INFO  [Log] Application Closed 
2020-09-10 11:00:37,159 INFO  [Log] Application Opened 
2020-09-10 11:00:39,889 INFO  [Log] Login completed 
2020-09-10 11:00:39,890 INFO  [Log] Application new emp 
2020-09-10 11:00:39,891 INFO  [Log] Delete emp 
2020-09-10 11:00:42,975 INFO  [Log] Logout Opened 
2020-09-10 11:00:43,055 INFO  [Log] Application Closed 
2020-09-10 12:30:31,895 INFO  [Log] Application Opened 
2020-09-10 12:30:33,960 INFO  [Log] Login completed 
2020-09-10 12:30:37,454 INFO  [Log] Logout Opened 
2020-09-10 12:30:37,803 INFO  [Log] Application Closed 
2020-09-10 12:30:43,934 INFO  [Log] Application Opened 
2020-09-10 12:30:47,226 INFO  [Log] Login completed 
2020-09-10 12:30:47,227 INFO  [Log] Application new emp 
2020-09-10 12:30:47,228 INFO  [Log] Delete emp 
2020-09-10 12:30:50,302 INFO  [Log] Logout Opened 
2020-09-10 12:30:50,374 INFO  [Log] Application Closed 
2020-09-10 14:06:25,723 INFO  [Log] Application Opened 
2020-09-10 14:06:29,588 INFO  [Log] Login completed 
2020-09-10 14:06:32,651 INFO  [Log] Logout Opened 
2020-09-10 14:06:33,256 INFO  [Log] Application Closed 
2020-09-10 14:06:39,634 INFO  [Log] Application Opened 
2020-09-10 14:06:45,275 INFO  [Log] Login completed 
2020-09-10 14:06:45,275 INFO  [Log] Application new emp 
2020-09-10 14:06:45,275 INFO  [Log] Delete emp 
2020-09-10 14:06:48,363 INFO  [Log] Logout Opened 
2020-09-10 14:06:48,742 INFO  [Log] Application Closed 
2020-09-10 14:14:07,441 INFO  [Log] Application Opened 
2020-09-10 14:14:09,963 INFO  [Log] Login completed 
2020-09-10 14:14:13,120 INFO  [Log] Logout Opened 
2020-09-10 14:14:13,177 INFO  [Log] Application Closed 
2020-09-10 14:14:18,007 INFO  [Log] Application Opened 
2020-09-10 14:14:20,906 INFO  [Log] Login completed 
2020-09-10 14:14:20,907 INFO  [Log] Application new emp 
2020-09-10 14:14:20,907 INFO  [Log] Delete emp 
2020-09-10 14:14:24,451 INFO  [Log] Logout Opened 
2020-09-10 14:14:24,502 INFO  [Log] Application Closed 
2020-09-10 14:16:11,854 INFO  [Log] Application Opened 
2020-09-10 14:16:13,748 INFO  [Log] Login completed 
2020-09-10 14:16:17,338 INFO  [Log] Logout Opened 
2020-09-10 14:16:17,408 INFO  [Log] Application Closed 
2020-09-10 14:16:22,451 INFO  [Log] Application Opened 
2020-09-10 14:16:24,945 INFO  [Log] Login completed 
2020-09-10 14:16:24,945 INFO  [Log] Application new emp 
2020-09-10 14:16:24,945 INFO  [Log] Delete emp 
2020-09-10 14:16:28,037 INFO  [Log] Logout Opened 
2020-09-10 14:16:28,160 INFO  [Log] Application Closed 
